# JRE version: OpenJDK Runtime Environment Temurin-18.0.1+10 (18.0.1+10) (build 18.0.1+10)
# Java VM: OpenJDK 64-Bit Server VM Temurin-18.0.1+10 (18.0.1+10, mixed mode, tiered, compressed oops, compressed class ptrs, g1 gc, windows-amd64)
GC Precious Log:
 CardTable entry size: 512
 Card Set container configuration: InlinePtr #cards 5 size 8 Array Of Cards #cards 12 size 40 Howl #buckets 4 coarsen threshold 1843 Howl Bitmap #cards 512 size 80 coarsen threshold 460 Card regions per heap region 1 cards per card region 2048
 CPUs: 8 total, 8 available
 Memory: 8030M
 Large Page Support: Disabled
 NUMA Support: Disabled
 Compressed Oops: Enabled (32-bit)
 Heap Region Size: 1M
 Heap Min Capacity: 8M
 Heap Initial Capacity: 126M
 Heap Max Capacity: 2008M
 Pre-touch: Disabled
 Parallel Workers: 8
 Concurrent Workers: 2
 Concurrent Refinement Workers: 8
 Periodic GC: Disabled
Heap:
 garbage-first heap   total 65536K, used 45663K [0x0000000082800000, 0x0000000100000000)
  region size 1024K, 26 young (26624K), 3 survivors (3072K)
 Metaspace       used 63141K, committed 63936K, reserved 1114112K
  class space    used 6670K, committed 7040K, reserved 1048576K
GC Heap History (20 events):
Event: 4004.189 GC heap after
{Heap after GC invocations=58 (full 15):
 garbage-first heap   total 65536K, used 22284K [0x0000000082800000, 0x0000000100000000)
  region size 1024K, 3 young (3072K), 3 survivors (3072K)
 Metaspace       used 62039K, committed 62720K, reserved 1114112K
  class space    used 6596K, committed 6912K, reserved 1048576K
}
Event: 4122.770 GC heap before
{Heap before GC invocations=58 (full 15):
 garbage-first heap   total 65536K, used 38668K [0x0000000082800000, 0x0000000100000000)
  region size 1024K, 20 young (20480K), 3 survivors (3072K)
 Metaspace       used 62085K, committed 62784K, reserved 1114112K
  class space    used 6600K, committed 6912K, reserved 1048576K
}
Event: 4122.812 GC heap after
{Heap after GC invocations=59 (full 16):
 garbage-first heap   total 65536K, used 21091K [0x0000000082800000, 0x0000000100000000)
  region size 1024K, 0 young (0K), 0 survivors (0K)
 Metaspace       used 62082K, committed 62784K, reserved 1114112K
  class space    used 6599K, committed 6912K, reserved 1048576K
}
Event: 4123.112 GC heap before
{Heap before GC invocations=59 (full 16):
 garbage-first heap   total 65536K, used 46691K [0x0000000082800000, 0x0000000100000000)
  region size 1024K, 26 young (26624K), 0 survivors (0K)
 Metaspace       used 62263K, committed 62976K, reserved 1114112K
  class space    used 6612K, committed 6976K, reserved 1048576K
}
Event: 4123.114 GC heap after
{Heap after GC invocations=60 (full 16):
 garbage-first heap   total 65536K, used 24084K [0x0000000082800000, 0x0000000100000000)
  region size 1024K, 3 young (3072K), 3 survivors (3072K)
 Metaspace       used 62263K, committed 62976K, reserved 1114112K
  class space    used 6612K, committed 6976K, reserved 1048576K
}
Event: 4350.301 GC heap before
{Heap before GC invocations=60 (full 16):
 garbage-first heap   total 65536K, used 48660K [0x0000000082800000, 0x0000000100000000)
  region size 1024K, 27 young (27648K), 3 survivors (3072K)
 Metaspace       used 62349K, committed 63104K, reserved 1114112K
  class space    used 6618K, committed 6976K, reserved 1048576K
}
Event: 4350.304 GC heap after
{Heap after GC invocations=61 (full 16):
 garbage-first heap   total 65536K, used 25956K [0x0000000082800000, 0x0000000100000000)
  region size 1024K, 3 young (3072K), 3 survivors (3072K)
 Metaspace       used 62349K, committed 63104K, reserved 1114112K
  class space    used 6618K, committed 6976K, reserved 1048576K
}
Event: 4554.929 GC heap before
{Heap before GC invocations=61 (full 16):
 garbage-first heap   total 65536K, used 36196K [0x0000000082800000, 0x0000000100000000)
  region size 1024K, 14 young (14336K), 3 survivors (3072K)
 Metaspace       used 62353K, committed 63104K, reserved 1114112K
  class space    used 6618K, committed 6976K, reserved 1048576K
}
Event: 4554.971 GC heap after
{Heap after GC invocations=62 (full 17):
 garbage-first heap   total 65536K, used 21291K [0x0000000082800000, 0x0000000100000000)
  region size 1024K, 0 young (0K), 0 survivors (0K)
 Metaspace       used 62346K, committed 63104K, reserved 1114112K
  class space    used 6617K, committed 6976K, reserved 1048576K
}
Event: 4555.287 GC heap before
{Heap before GC invocations=62 (full 17):
 garbage-first heap   total 65536K, used 45867K [0x0000000082800000, 0x0000000100000000)
  region size 1024K, 25 young (25600K), 0 survivors (0K)
 Metaspace       used 62507K, committed 63296K, reserved 1114112K
  class space    used 6630K, committed 6976K, reserved 1048576K
}
Event: 4555.289 GC heap after
{Heap after GC invocations=63 (full 17):
 garbage-first heap   total 65536K, used 24060K [0x0000000082800000, 0x0000000100000000)
  region size 1024K, 3 young (3072K), 3 survivors (3072K)
 Metaspace       used 62507K, committed 63296K, reserved 1114112K
  class space    used 6630K, committed 6976K, reserved 1048576K
}
Event: 4608.489 GC heap before
{Heap before GC invocations=63 (full 17):
 garbage-first heap   total 65536K, used 34300K [0x0000000082800000, 0x0000000100000000)
  region size 1024K, 14 young (14336K), 3 survivors (3072K)
 Metaspace       used 62602K, committed 63360K, reserved 1114112K
  class space    used 6634K, committed 6976K, reserved 1048576K
}
Event: 4608.530 GC heap after
{Heap after GC invocations=64 (full 18):
 garbage-first heap   total 65536K, used 19748K [0x0000000082800000, 0x0000000100000000)
  region size 1024K, 0 young (0K), 0 survivors (0K)
 Metaspace       used 62599K, committed 63360K, reserved 1114112K
  class space    used 6633K, committed 6976K, reserved 1048576K
}
Event: 4608.861 GC heap before
{Heap before GC invocations=64 (full 18):
 garbage-first heap   total 65536K, used 46372K [0x0000000082800000, 0x0000000100000000)
  region size 1024K, 27 young (27648K), 0 survivors (0K)
 Metaspace       used 62803K, committed 63488K, reserved 1114112K
  class space    used 6648K, committed 6976K, reserved 1048576K
}
Event: 4608.863 GC heap after
{Heap after GC invocations=65 (full 18):
 garbage-first heap   total 65536K, used 22615K [0x0000000082800000, 0x0000000100000000)
  region size 1024K, 3 young (3072K), 3 survivors (3072K)
 Metaspace       used 62803K, committed 63488K, reserved 1114112K
  class space    used 6648K, committed 6976K, reserved 1048576K
}
Event: 4627.960 GC heap before
{Heap before GC invocations=65 (full 18):
 garbage-first heap   total 65536K, used 28759K [0x0000000082800000, 0x0000000100000000)
  region size 1024K, 10 young (10240K), 3 survivors (3072K)
 Metaspace       used 62825K, committed 63552K, reserved 1114112K
  class space    used 6648K, committed 6976K, reserved 1048576K
}
Event: 4628.000 GC heap after
{Heap after GC invocations=66 (full 19):
 garbage-first heap   total 65536K, used 19883K [0x0000000082800000, 0x0000000100000000)
  region size 1024K, 0 young (0K), 0 survivors (0K)
 Metaspace       used 62822K, committed 63552K, reserved 1114112K
  class space    used 6648K, committed 6976K, reserved 1048576K
}
Event: 4628.318 GC heap before
{Heap before GC invocations=66 (full 19):
 garbage-first heap   total 65536K, used 47531K [0x0000000082800000, 0x0000000100000000)
  region size 1024K, 27 young (27648K), 0 survivors (0K)
 Metaspace       used 63044K, committed 63808K, reserved 1114112K
  class space    used 6664K, committed 7040K, reserved 1048576K
}
Event: 4628.321 GC heap after
{Heap after GC invocations=67 (full 19):
 garbage-first heap   total 65536K, used 22933K [0x0000000082800000, 0x0000000100000000)
  region size 1024K, 3 young (3072K), 3 survivors (3072K)
 Metaspace       used 63044K, committed 63808K, reserved 1114112K
  class space    used 6664K, committed 7040K, reserved 1048576K
}
Event: 4788.730 GC heap before
{Heap before GC invocations=67 (full 19):
 garbage-first heap   total 65536K, used 44437K [0x0000000082800000, 0x0000000100000000)
  region size 1024K, 26 young (26624K), 3 survivors (3072K)
 Metaspace       used 63141K, committed 63936K, reserved 1114112K
  class space    used 6670K, committed 7040K, reserved 1048576K
}

