# JRE version: OpenJDK Runtime Environment Temurin-18.0.1+10 (18.0.1+10) (build 18.0.1+10)
# Java VM: OpenJDK 64-Bit Server VM Temurin-18.0.1+10 (18.0.1+10, mixed mode, tiered, compressed oops, compressed class ptrs, g1 gc, windows-amd64)
GC Precious Log:
 CardTable entry size: 512
 Card Set container configuration: InlinePtr #cards 5 size 8 Array Of Cards #cards 12 size 40 Howl #buckets 4 coarsen threshold 1843 Howl Bitmap #cards 512 size 80 coarsen threshold 460 Card regions per heap region 1 cards per card region 2048
 CPUs: 8 total, 8 available
 Memory: 8030M
 Large Page Support: Disabled
 NUMA Support: Disabled
 Compressed Oops: Enabled (32-bit)
 Heap Region Size: 1M
 Heap Min Capacity: 8M
 Heap Initial Capacity: 126M
 Heap Max Capacity: 2008M
 Pre-touch: Disabled
 Parallel Workers: 8
 Concurrent Workers: 2
 Concurrent Refinement Workers: 8
 Periodic GC: Disabled
Heap:
 garbage-first heap   total 51200K, used 36159K [0x0000000082800000, 0x0000000100000000)
  region size 1024K, 17 young (17408K), 3 survivors (3072K)
 Metaspace       used 57713K, committed 58304K, reserved 1114112K
  class space    used 6405K, committed 6720K, reserved 1048576K
GC Heap History (20 events):
Event: 527.000 GC heap after
{Heap after GC invocations=45 (full 5):
 garbage-first heap   total 51200K, used 23650K [0x0000000082800000, 0x0000000100000000)
  region size 1024K, 3 young (3072K), 3 survivors (3072K)
 Metaspace       used 56513K, committed 57024K, reserved 1114112K
  class space    used 6335K, committed 6592K, reserved 1048576K
}
Event: 546.755 GC heap before
{Heap before GC invocations=45 (full 5):
 garbage-first heap   total 51200K, used 36962K [0x0000000082800000, 0x0000000100000000)
  region size 1024K, 16 young (16384K), 3 survivors (3072K)
 Metaspace       used 56677K, committed 57152K, reserved 1114112K
  class space    used 6342K, committed 6592K, reserved 1048576K
}
Event: 546.760 GC heap after
{Heap after GC invocations=46 (full 5):
 garbage-first heap   total 51200K, used 25589K [0x0000000082800000, 0x0000000100000000)
  region size 1024K, 2 young (2048K), 2 survivors (2048K)
 Metaspace       used 56677K, committed 57152K, reserved 1114112K
  class space    used 6342K, committed 6592K, reserved 1048576K
}
Event: 709.536 GC heap before
{Heap before GC invocations=47 (full 5):
 garbage-first heap   total 51200K, used 36853K [0x0000000082800000, 0x0000000100000000)
  region size 1024K, 13 young (13312K), 2 survivors (2048K)
 Metaspace       used 56691K, committed 57216K, reserved 1114112K
  class space    used 6342K, committed 6592K, reserved 1048576K
}
Event: 709.539 GC heap after
{Heap after GC invocations=48 (full 5):
 garbage-first heap   total 51200K, used 25832K [0x0000000082800000, 0x0000000100000000)
  region size 1024K, 1 young (1024K), 1 survivors (1024K)
 Metaspace       used 56691K, committed 57216K, reserved 1114112K
  class space    used 6342K, committed 6592K, reserved 1048576K
}
Event: 720.012 GC heap before
{Heap before GC invocations=48 (full 5):
 garbage-first heap   total 51200K, used 26856K [0x0000000082800000, 0x0000000100000000)
  region size 1024K, 2 young (2048K), 1 survivors (1024K)
 Metaspace       used 56695K, committed 57216K, reserved 1114112K
  class space    used 6342K, committed 6592K, reserved 1048576K
}
Event: 720.015 GC heap after
{Heap after GC invocations=49 (full 5):
 garbage-first heap   total 51200K, used 23943K [0x0000000082800000, 0x0000000100000000)
  region size 1024K, 1 young (1024K), 1 survivors (1024K)
 Metaspace       used 56695K, committed 57216K, reserved 1114112K
  class space    used 6342K, committed 6592K, reserved 1048576K
}
Event: 727.354 GC heap before
{Heap before GC invocations=49 (full 5):
 garbage-first heap   total 51200K, used 23943K [0x0000000082800000, 0x0000000100000000)
  region size 1024K, 2 young (2048K), 1 survivors (1024K)
 Metaspace       used 56707K, committed 57216K, reserved 1114112K
  class space    used 6342K, committed 6592K, reserved 1048576K
}
Event: 727.423 GC heap after
{Heap after GC invocations=50 (full 6):
 garbage-first heap   total 51200K, used 20722K [0x0000000082800000, 0x0000000100000000)
  region size 1024K, 0 young (0K), 0 survivors (0K)
 Metaspace       used 56707K, committed 57216K, reserved 1114112K
  class space    used 6342K, committed 6592K, reserved 1048576K
}
Event: 727.862 GC heap before
{Heap before GC invocations=50 (full 6):
 garbage-first heap   total 51200K, used 38130K [0x0000000082800000, 0x0000000100000000)
  region size 1024K, 17 young (17408K), 0 survivors (0K)
 Metaspace       used 56840K, committed 57408K, reserved 1114112K
  class space    used 6355K, committed 6656K, reserved 1048576K
}
Event: 727.864 GC heap after
{Heap after GC invocations=51 (full 6):
 garbage-first heap   total 51200K, used 22280K [0x0000000082800000, 0x0000000100000000)
  region size 1024K, 2 young (2048K), 2 survivors (2048K)
 Metaspace       used 56840K, committed 57408K, reserved 1114112K
  class space    used 6355K, committed 6656K, reserved 1048576K
}
Event: 728.224 GC heap before
{Heap before GC invocations=52 (full 6):
 garbage-first heap   total 51200K, used 38664K [0x0000000082800000, 0x0000000100000000)
  region size 1024K, 18 young (18432K), 2 survivors (2048K)
 Metaspace       used 57077K, committed 57664K, reserved 1114112K
  class space    used 6365K, committed 6656K, reserved 1048576K
}
Event: 728.228 GC heap after
{Heap after GC invocations=53 (full 6):
 garbage-first heap   total 51200K, used 24025K [0x0000000082800000, 0x0000000100000000)
  region size 1024K, 3 young (3072K), 3 survivors (3072K)
 Metaspace       used 57077K, committed 57664K, reserved 1114112K
  class space    used 6365K, committed 6656K, reserved 1048576K
}
Event: 774.442 GC heap before
{Heap before GC invocations=53 (full 6):
 garbage-first heap   total 51200K, used 35289K [0x0000000082800000, 0x0000000100000000)
  region size 1024K, 16 young (16384K), 3 survivors (3072K)
 Metaspace       used 57237K, committed 57856K, reserved 1114112K
  class space    used 6374K, committed 6656K, reserved 1048576K
}
Event: 774.508 GC heap after
{Heap after GC invocations=54 (full 7):
 garbage-first heap   total 51200K, used 19017K [0x0000000082800000, 0x0000000100000000)
  region size 1024K, 0 young (0K), 0 survivors (0K)
 Metaspace       used 57234K, committed 57856K, reserved 1114112K
  class space    used 6373K, committed 6656K, reserved 1048576K
}
Event: 774.909 GC heap before
{Heap before GC invocations=54 (full 7):
 garbage-first heap   total 51200K, used 37449K [0x0000000082800000, 0x0000000100000000)
  region size 1024K, 18 young (18432K), 0 survivors (0K)
 Metaspace       used 57374K, committed 57920K, reserved 1114112K
  class space    used 6387K, committed 6656K, reserved 1048576K
}
Event: 774.911 GC heap after
{Heap after GC invocations=55 (full 7):
 garbage-first heap   total 51200K, used 20991K [0x0000000082800000, 0x0000000100000000)
  region size 1024K, 2 young (2048K), 2 survivors (2048K)
 Metaspace       used 57374K, committed 57920K, reserved 1114112K
  class space    used 6387K, committed 6656K, reserved 1048576K
}
Event: 775.352 GC heap before
{Heap before GC invocations=56 (full 7):
 garbage-first heap   total 51200K, used 38399K [0x0000000082800000, 0x0000000100000000)
  region size 1024K, 19 young (19456K), 2 survivors (2048K)
 Metaspace       used 57592K, committed 58112K, reserved 1114112K
  class space    used 6397K, committed 6656K, reserved 1048576K
}
Event: 775.356 GC heap after
{Heap after GC invocations=57 (full 7):
 garbage-first heap   total 51200K, used 22730K [0x0000000082800000, 0x0000000100000000)
  region size 1024K, 3 young (3072K), 3 survivors (3072K)
 Metaspace       used 57592K, committed 58112K, reserved 1114112K
  class space    used 6397K, committed 6656K, reserved 1048576K
}
Event: 878.171 GC heap before
{Heap before GC invocations=57 (full 7):
 garbage-first heap   total 51200K, used 36042K [0x0000000082800000, 0x0000000100000000)
  region size 1024K, 17 young (17408K), 3 survivors (3072K)
 Metaspace       used 57713K, committed 58304K, reserved 1114112K
  class space    used 6405K, committed 6720K, reserved 1048576K
}

